


ARM Macro Assembler    Page 1 


    1 00000000                 AREA             MyData, CODE
    2 00000000         
    3 00000000         array1
    4 00000000 87654321 
              23456789 
              3456789A         DCD              0x87654321, 0x23456789, 0x34567
89A
    5 0000000C         array2
    6 0000000C AABBCCDD 
              7FCCDDEE 
              CCDDEEFF         DCD              0xAABBCCDD, 0x7FCCDDEE, 0xCCDDE
EFF
    7 00000018         
    8 00000018                 AREA             MyAnswers, DATA
    9 00000000         array3
   10 00000000 00 00 00 
              00 00 00 
              00 00 00 
              00 00 00         SPACE            12
   11 0000000C         
   12 0000000C         
   13 0000000C                 AREA             MyCode, CODE, READONLY
   14 00000000                 EXPORT           __main
   15 00000000                 EXPORT           mySystemInit
   16 00000000         
   17 00000000         mySystemInit
   18 00000000 4770            BX               LR
   19 00000002         
   20 00000002         __main
   21 00000002                 ENTRY
   22 00000002 480F            LDR              R0, =array1
   23 00000004 490F            LDR              R1, =array2
   24 00000006 4A10            LDR              R2, =array3
   25 00000008         
   26 00000008 F850 3B04       LDR              R3, [R0], #4
   27 0000000C F851 4B04       LDR              R4, [R1], #4
   28 00000010 191C            ADDS             R4, R3, R4
   29 00000012 F842 4B04       STR              R4, [R2], #4
   30 00000016         
   31 00000016 F850 3B04       LDR              R3, [R0], #4
   32 0000001A F851 4B04       LDR              R4, [R1], #4
   33 0000001E 191C            ADDS             R4, R3, R4
   34 00000020 F842 4B04       STR              R4, [R2], #4
   35 00000024         
   36 00000024 6803            LDR              R3, [R0]
   37 00000026 680C            LDR              R4, [R1]
   38 00000028 191C            ADDS             R4, R3, R4
   39 0000002A 6014            STR              R4, [R2]
   40 0000002C         
   41 0000002C F04F 5008       LDR              R0, =0x22000000
   42 00000030 F04F 0120       LDR              R1, =32
   43 00000034         
   44 00000034         loop
   45 00000034 F850 2B04       LDR              R2, [R0], #4
   46 00000038 3901            SUBS             R1, #1
   47 0000003A D1FB            BNE              loop
   48 0000003C         
   49 0000003C E7FE            B                .
   50 0000003E                 END



ARM Macro Assembler    Page 2 


              00 00 00000000 
              00000000 
              00000000 
Command Line: --debug --xref --diag_suppress=9931 --cpu=Cortex-M3 --apcs=interw
ork --depend=.\objects\lab2.d -o.\objects\lab2.o -I.\RTE\_Target_1 -IC:\Users\B
rent\AppData\Local\Arm\Packs\ARM\CMSIS\5.6.0\CMSIS\Core\Include -IC:\Users\Bren
t\AppData\Local\Arm\Packs\Keil\STM32F2xx_DFP\2.9.0\Drivers\CMSIS\Device\ST\STM3
2F2xx\Include --predefine="__EVAL SETA 1" --predefine="__MICROLIB SETA 1" --pre
define="__UVISION_VERSION SETA 528" --predefine="_RTE_ SETA 1" --predefine="STM
32F207xx SETA 1" --list=.\listings\lab2.lst lab2.s



ARM Macro Assembler    Page 1 Alphabetic symbol ordering
Relocatable symbols

MyData 00000000

Symbol: MyData
   Definitions
      At line 1 in file lab2.s
   Uses
      None
Comment: MyData unused
array1 00000000

Symbol: array1
   Definitions
      At line 3 in file lab2.s
   Uses
      At line 22 in file lab2.s
Comment: array1 used once
array2 0000000C

Symbol: array2
   Definitions
      At line 5 in file lab2.s
   Uses
      At line 23 in file lab2.s
Comment: array2 used once
3 symbols



ARM Macro Assembler    Page 1 Alphabetic symbol ordering
Relocatable symbols

MyAnswers 00000000

Symbol: MyAnswers
   Definitions
      At line 8 in file lab2.s
   Uses
      None
Comment: MyAnswers unused
array3 00000000

Symbol: array3
   Definitions
      At line 9 in file lab2.s
   Uses
      At line 24 in file lab2.s
Comment: array3 used once
2 symbols



ARM Macro Assembler    Page 1 Alphabetic symbol ordering
Relocatable symbols

MyCode 00000000

Symbol: MyCode
   Definitions
      At line 13 in file lab2.s
   Uses
      None
Comment: MyCode unused
__main 00000002

Symbol: __main
   Definitions
      At line 20 in file lab2.s
   Uses
      At line 14 in file lab2.s
Comment: __main used once
loop 00000034

Symbol: loop
   Definitions
      At line 44 in file lab2.s
   Uses
      At line 47 in file lab2.s
Comment: loop used once
mySystemInit 00000000

Symbol: mySystemInit
   Definitions
      At line 17 in file lab2.s
   Uses
      At line 15 in file lab2.s
Comment: mySystemInit used once
4 symbols
346 symbols in table
